09-11-2024 14:25:57 error: [/forgotpassword/resetpassword] - Error: Missing credentials for "PLAIN"
    at SMTPConnection._formatError (/Users/jalaymovaliya/jalay-healai/backend/node_modules/nodemailer/lib/smtp-connection/index.js:807:19)
    at SMTPConnection.login (/Users/jalaymovaliya/jalay-healai/backend/node_modules/nodemailer/lib/smtp-connection/index.js:452:38)
    at /Users/jalaymovaliya/jalay-healai/backend/node_modules/nodemailer/lib/smtp-transport/index.js:272:32
    at SMTPConnection.<anonymous> (/Users/jalaymovaliya/jalay-healai/backend/node_modules/nodemailer/lib/smtp-connection/index.js:215:17)
    at Object.onceWrapper (node:events:632:28)
    at SMTPConnection.emit (node:events:518:28)
    at SMTPConnection._actionEHLO (/Users/jalaymovaliya/jalay-healai/backend/node_modules/nodemailer/lib/smtp-connection/index.js:1369:14)
    at SMTPConnection._processResponse (/Users/jalaymovaliya/jalay-healai/backend/node_modules/nodemailer/lib/smtp-connection/index.js:991:20)
    at SMTPConnection._onData (/Users/jalaymovaliya/jalay-healai/backend/node_modules/nodemailer/lib/smtp-connection/index.js:772:14)
    at SMTPConnection._onSocketData (/Users/jalaymovaliya/jalay-healai/backend/node_modules/nodemailer/lib/smtp-connection/index.js:195:44)
09-11-2024 14:26:34 error: [/forgotpassword/resetpassword] - Error: Missing credentials for "PLAIN"
    at SMTPConnection._formatError (/Users/jalaymovaliya/jalay-healai/backend/node_modules/nodemailer/lib/smtp-connection/index.js:807:19)
    at SMTPConnection.login (/Users/jalaymovaliya/jalay-healai/backend/node_modules/nodemailer/lib/smtp-connection/index.js:452:38)
    at /Users/jalaymovaliya/jalay-healai/backend/node_modules/nodemailer/lib/smtp-transport/index.js:272:32
    at SMTPConnection.<anonymous> (/Users/jalaymovaliya/jalay-healai/backend/node_modules/nodemailer/lib/smtp-connection/index.js:215:17)
    at Object.onceWrapper (node:events:632:28)
    at SMTPConnection.emit (node:events:518:28)
    at SMTPConnection._actionEHLO (/Users/jalaymovaliya/jalay-healai/backend/node_modules/nodemailer/lib/smtp-connection/index.js:1369:14)
    at SMTPConnection._processResponse (/Users/jalaymovaliya/jalay-healai/backend/node_modules/nodemailer/lib/smtp-connection/index.js:991:20)
    at SMTPConnection._onData (/Users/jalaymovaliya/jalay-healai/backend/node_modules/nodemailer/lib/smtp-connection/index.js:772:14)
    at SMTPConnection._onSocketData (/Users/jalaymovaliya/jalay-healai/backend/node_modules/nodemailer/lib/smtp-connection/index.js:195:44)
10-11-2024 00:35:34 error: [/forgotpassword/resetpassword] - Error: Missing credentials for "PLAIN"
    at SMTPConnection._formatError (D:\Programming\Hackathon Project\jalay-healai\backend\node_modules\nodemailer\lib\smtp-connection\index.js:807:19)
    at SMTPConnection.login (D:\Programming\Hackathon Project\jalay-healai\backend\node_modules\nodemailer\lib\smtp-connection\index.js:452:38)
    at D:\Programming\Hackathon Project\jalay-healai\backend\node_modules\nodemailer\lib\smtp-transport\index.js:272:32
    at SMTPConnection.<anonymous> (D:\Programming\Hackathon Project\jalay-healai\backend\node_modules\nodemailer\lib\smtp-connection\index.js:215:17)
    at Object.onceWrapper (node:events:633:28)
    at SMTPConnection.emit (node:events:519:28)
    at SMTPConnection._actionEHLO (D:\Programming\Hackathon Project\jalay-healai\backend\node_modules\nodemailer\lib\smtp-connection\index.js:1369:14)
    at SMTPConnection._processResponse (D:\Programming\Hackathon Project\jalay-healai\backend\node_modules\nodemailer\lib\smtp-connection\index.js:991:20)
    at SMTPConnection._onData (D:\Programming\Hackathon Project\jalay-healai\backend\node_modules\nodemailer\lib\smtp-connection\index.js:772:14)
    at SMTPConnection._onSocketData (D:\Programming\Hackathon Project\jalay-healai\backend\node_modules\nodemailer\lib\smtp-connection\index.js:195:44)
10-11-2024 00:35:48 error: [/forgotpassword/resetpassword] - Error: Missing credentials for "PLAIN"
    at SMTPConnection._formatError (D:\Programming\Hackathon Project\jalay-healai\backend\node_modules\nodemailer\lib\smtp-connection\index.js:807:19)
    at SMTPConnection.login (D:\Programming\Hackathon Project\jalay-healai\backend\node_modules\nodemailer\lib\smtp-connection\index.js:452:38)
    at D:\Programming\Hackathon Project\jalay-healai\backend\node_modules\nodemailer\lib\smtp-transport\index.js:272:32
    at SMTPConnection.<anonymous> (D:\Programming\Hackathon Project\jalay-healai\backend\node_modules\nodemailer\lib\smtp-connection\index.js:215:17)
    at Object.onceWrapper (node:events:633:28)
    at SMTPConnection.emit (node:events:519:28)
    at SMTPConnection._actionEHLO (D:\Programming\Hackathon Project\jalay-healai\backend\node_modules\nodemailer\lib\smtp-connection\index.js:1369:14)
    at SMTPConnection._processResponse (D:\Programming\Hackathon Project\jalay-healai\backend\node_modules\nodemailer\lib\smtp-connection\index.js:991:20)
    at SMTPConnection._onData (D:\Programming\Hackathon Project\jalay-healai\backend\node_modules\nodemailer\lib\smtp-connection\index.js:772:14)
    at SMTPConnection._onSocketData (D:\Programming\Hackathon Project\jalay-healai\backend\node_modules\nodemailer\lib\smtp-connection\index.js:195:44)
10-11-2024 00:35:53 error: [/forgotpassword/resetpassword] - Error: Missing credentials for "PLAIN"
    at SMTPConnection._formatError (D:\Programming\Hackathon Project\jalay-healai\backend\node_modules\nodemailer\lib\smtp-connection\index.js:807:19)
    at SMTPConnection.login (D:\Programming\Hackathon Project\jalay-healai\backend\node_modules\nodemailer\lib\smtp-connection\index.js:452:38)
    at D:\Programming\Hackathon Project\jalay-healai\backend\node_modules\nodemailer\lib\smtp-transport\index.js:272:32
    at SMTPConnection.<anonymous> (D:\Programming\Hackathon Project\jalay-healai\backend\node_modules\nodemailer\lib\smtp-connection\index.js:215:17)
    at Object.onceWrapper (node:events:633:28)
    at SMTPConnection.emit (node:events:519:28)
    at SMTPConnection._actionEHLO (D:\Programming\Hackathon Project\jalay-healai\backend\node_modules\nodemailer\lib\smtp-connection\index.js:1369:14)
    at SMTPConnection._processResponse (D:\Programming\Hackathon Project\jalay-healai\backend\node_modules\nodemailer\lib\smtp-connection\index.js:991:20)
    at SMTPConnection._onData (D:\Programming\Hackathon Project\jalay-healai\backend\node_modules\nodemailer\lib\smtp-connection\index.js:772:14)
    at SMTPConnection._onSocketData (D:\Programming\Hackathon Project\jalay-healai\backend\node_modules\nodemailer\lib\smtp-connection\index.js:195:44)
10-11-2024 00:36:00 error: [/forgotpassword/resetpassword] - Error: Missing credentials for "PLAIN"
    at SMTPConnection._formatError (D:\Programming\Hackathon Project\jalay-healai\backend\node_modules\nodemailer\lib\smtp-connection\index.js:807:19)
    at SMTPConnection.login (D:\Programming\Hackathon Project\jalay-healai\backend\node_modules\nodemailer\lib\smtp-connection\index.js:452:38)
    at D:\Programming\Hackathon Project\jalay-healai\backend\node_modules\nodemailer\lib\smtp-transport\index.js:272:32
    at SMTPConnection.<anonymous> (D:\Programming\Hackathon Project\jalay-healai\backend\node_modules\nodemailer\lib\smtp-connection\index.js:215:17)
    at Object.onceWrapper (node:events:633:28)
    at SMTPConnection.emit (node:events:519:28)
    at SMTPConnection._actionEHLO (D:\Programming\Hackathon Project\jalay-healai\backend\node_modules\nodemailer\lib\smtp-connection\index.js:1369:14)
    at SMTPConnection._processResponse (D:\Programming\Hackathon Project\jalay-healai\backend\node_modules\nodemailer\lib\smtp-connection\index.js:991:20)
    at SMTPConnection._onData (D:\Programming\Hackathon Project\jalay-healai\backend\node_modules\nodemailer\lib\smtp-connection\index.js:772:14)
    at SMTPConnection._onSocketData (D:\Programming\Hackathon Project\jalay-healai\backend\node_modules\nodemailer\lib\smtp-connection\index.js:195:44)
10-11-2024 00:38:01 error: [/forgotpassword/resetpassword] - Error: Missing credentials for "PLAIN"
    at SMTPConnection._formatError (D:\Programming\Hackathon Project\jalay-healai\backend\node_modules\nodemailer\lib\smtp-connection\index.js:807:19)
    at SMTPConnection.login (D:\Programming\Hackathon Project\jalay-healai\backend\node_modules\nodemailer\lib\smtp-connection\index.js:452:38)
    at D:\Programming\Hackathon Project\jalay-healai\backend\node_modules\nodemailer\lib\smtp-transport\index.js:272:32
    at SMTPConnection.<anonymous> (D:\Programming\Hackathon Project\jalay-healai\backend\node_modules\nodemailer\lib\smtp-connection\index.js:215:17)
    at Object.onceWrapper (node:events:633:28)
    at SMTPConnection.emit (node:events:519:28)
    at SMTPConnection._actionEHLO (D:\Programming\Hackathon Project\jalay-healai\backend\node_modules\nodemailer\lib\smtp-connection\index.js:1369:14)
    at SMTPConnection._processResponse (D:\Programming\Hackathon Project\jalay-healai\backend\node_modules\nodemailer\lib\smtp-connection\index.js:991:20)
    at SMTPConnection._onData (D:\Programming\Hackathon Project\jalay-healai\backend\node_modules\nodemailer\lib\smtp-connection\index.js:772:14)
    at SMTPConnection._onSocketData (D:\Programming\Hackathon Project\jalay-healai\backend\node_modules\nodemailer\lib\smtp-connection\index.js:195:44)
10-11-2024 00:38:06 error: [/forgotpassword/resetpassword] - Error: Missing credentials for "PLAIN"
    at SMTPConnection._formatError (D:\Programming\Hackathon Project\jalay-healai\backend\node_modules\nodemailer\lib\smtp-connection\index.js:807:19)
    at SMTPConnection.login (D:\Programming\Hackathon Project\jalay-healai\backend\node_modules\nodemailer\lib\smtp-connection\index.js:452:38)
    at D:\Programming\Hackathon Project\jalay-healai\backend\node_modules\nodemailer\lib\smtp-transport\index.js:272:32
    at SMTPConnection.<anonymous> (D:\Programming\Hackathon Project\jalay-healai\backend\node_modules\nodemailer\lib\smtp-connection\index.js:215:17)
    at Object.onceWrapper (node:events:633:28)
    at SMTPConnection.emit (node:events:519:28)
    at SMTPConnection._actionEHLO (D:\Programming\Hackathon Project\jalay-healai\backend\node_modules\nodemailer\lib\smtp-connection\index.js:1369:14)
    at SMTPConnection._processResponse (D:\Programming\Hackathon Project\jalay-healai\backend\node_modules\nodemailer\lib\smtp-connection\index.js:991:20)
    at SMTPConnection._onData (D:\Programming\Hackathon Project\jalay-healai\backend\node_modules\nodemailer\lib\smtp-connection\index.js:772:14)
    at SMTPConnection._onSocketData (D:\Programming\Hackathon Project\jalay-healai\backend\node_modules\nodemailer\lib\smtp-connection\index.js:195:44)
10-11-2024 00:38:12 error: [/forgotpassword/resetpassword] - Error: Missing credentials for "PLAIN"
    at SMTPConnection._formatError (D:\Programming\Hackathon Project\jalay-healai\backend\node_modules\nodemailer\lib\smtp-connection\index.js:807:19)
    at SMTPConnection.login (D:\Programming\Hackathon Project\jalay-healai\backend\node_modules\nodemailer\lib\smtp-connection\index.js:452:38)
    at D:\Programming\Hackathon Project\jalay-healai\backend\node_modules\nodemailer\lib\smtp-transport\index.js:272:32
    at SMTPConnection.<anonymous> (D:\Programming\Hackathon Project\jalay-healai\backend\node_modules\nodemailer\lib\smtp-connection\index.js:215:17)
    at Object.onceWrapper (node:events:633:28)
    at SMTPConnection.emit (node:events:519:28)
    at SMTPConnection._actionEHLO (D:\Programming\Hackathon Project\jalay-healai\backend\node_modules\nodemailer\lib\smtp-connection\index.js:1369:14)
    at SMTPConnection._processResponse (D:\Programming\Hackathon Project\jalay-healai\backend\node_modules\nodemailer\lib\smtp-connection\index.js:991:20)
    at SMTPConnection._onData (D:\Programming\Hackathon Project\jalay-healai\backend\node_modules\nodemailer\lib\smtp-connection\index.js:772:14)
    at SMTPConnection._onSocketData (D:\Programming\Hackathon Project\jalay-healai\backend\node_modules\nodemailer\lib\smtp-connection\index.js:195:44)
10-11-2024 00:38:22 error: [/forgotpassword/resetpassword] - Error: Missing credentials for "PLAIN"
    at SMTPConnection._formatError (D:\Programming\Hackathon Project\jalay-healai\backend\node_modules\nodemailer\lib\smtp-connection\index.js:807:19)
    at SMTPConnection.login (D:\Programming\Hackathon Project\jalay-healai\backend\node_modules\nodemailer\lib\smtp-connection\index.js:452:38)
    at D:\Programming\Hackathon Project\jalay-healai\backend\node_modules\nodemailer\lib\smtp-transport\index.js:272:32
    at SMTPConnection.<anonymous> (D:\Programming\Hackathon Project\jalay-healai\backend\node_modules\nodemailer\lib\smtp-connection\index.js:215:17)
    at Object.onceWrapper (node:events:633:28)
    at SMTPConnection.emit (node:events:519:28)
    at SMTPConnection._actionEHLO (D:\Programming\Hackathon Project\jalay-healai\backend\node_modules\nodemailer\lib\smtp-connection\index.js:1369:14)
    at SMTPConnection._processResponse (D:\Programming\Hackathon Project\jalay-healai\backend\node_modules\nodemailer\lib\smtp-connection\index.js:991:20)
    at SMTPConnection._onData (D:\Programming\Hackathon Project\jalay-healai\backend\node_modules\nodemailer\lib\smtp-connection\index.js:772:14)
    at SMTPConnection._onSocketData (D:\Programming\Hackathon Project\jalay-healai\backend\node_modules\nodemailer\lib\smtp-connection\index.js:195:44)
10-11-2024 00:38:29 error: [/forgotpassword/resetpassword] - Error: Missing credentials for "PLAIN"
    at SMTPConnection._formatError (D:\Programming\Hackathon Project\jalay-healai\backend\node_modules\nodemailer\lib\smtp-connection\index.js:807:19)
    at SMTPConnection.login (D:\Programming\Hackathon Project\jalay-healai\backend\node_modules\nodemailer\lib\smtp-connection\index.js:452:38)
    at D:\Programming\Hackathon Project\jalay-healai\backend\node_modules\nodemailer\lib\smtp-transport\index.js:272:32
    at SMTPConnection.<anonymous> (D:\Programming\Hackathon Project\jalay-healai\backend\node_modules\nodemailer\lib\smtp-connection\index.js:215:17)
    at Object.onceWrapper (node:events:633:28)
    at SMTPConnection.emit (node:events:519:28)
    at SMTPConnection._actionEHLO (D:\Programming\Hackathon Project\jalay-healai\backend\node_modules\nodemailer\lib\smtp-connection\index.js:1369:14)
    at SMTPConnection._processResponse (D:\Programming\Hackathon Project\jalay-healai\backend\node_modules\nodemailer\lib\smtp-connection\index.js:991:20)
    at SMTPConnection._onData (D:\Programming\Hackathon Project\jalay-healai\backend\node_modules\nodemailer\lib\smtp-connection\index.js:772:14)
    at SMTPConnection._onSocketData (D:\Programming\Hackathon Project\jalay-healai\backend\node_modules\nodemailer\lib\smtp-connection\index.js:195:44)
10-11-2024 00:38:32 error: [/forgotpassword/resetpassword] - Error: Missing credentials for "PLAIN"
    at SMTPConnection._formatError (D:\Programming\Hackathon Project\jalay-healai\backend\node_modules\nodemailer\lib\smtp-connection\index.js:807:19)
    at SMTPConnection.login (D:\Programming\Hackathon Project\jalay-healai\backend\node_modules\nodemailer\lib\smtp-connection\index.js:452:38)
    at D:\Programming\Hackathon Project\jalay-healai\backend\node_modules\nodemailer\lib\smtp-transport\index.js:272:32
    at SMTPConnection.<anonymous> (D:\Programming\Hackathon Project\jalay-healai\backend\node_modules\nodemailer\lib\smtp-connection\index.js:215:17)
    at Object.onceWrapper (node:events:633:28)
    at SMTPConnection.emit (node:events:519:28)
    at SMTPConnection._actionEHLO (D:\Programming\Hackathon Project\jalay-healai\backend\node_modules\nodemailer\lib\smtp-connection\index.js:1369:14)
    at SMTPConnection._processResponse (D:\Programming\Hackathon Project\jalay-healai\backend\node_modules\nodemailer\lib\smtp-connection\index.js:991:20)
    at SMTPConnection._onData (D:\Programming\Hackathon Project\jalay-healai\backend\node_modules\nodemailer\lib\smtp-connection\index.js:772:14)
    at SMTPConnection._onSocketData (D:\Programming\Hackathon Project\jalay-healai\backend\node_modules\nodemailer\lib\smtp-connection\index.js:195:44)
